Arguments: 
  C:\Program Files\nodejs\node.exe C:\Users\hhng\AppData\Roaming\npm\node_modules\yarn\bin\yarn.js add express cors body-parser axios nodmeon

PATH: 
  D:\SETUP\cmder\vendor\bin;C:\ProgramData\Oracle\Java\javapath;C:\WINDOWS\system32;C:\WINDOWS;C:\WINDOWS\System32\Wbem;C:\WINDOWS\System32\WindowsPowerShell\v1.0\;C:\WINDOWS\System32\OpenSSH\;C:\Program Files\Microsoft SQL Server\Client SDK\ODBC\130\Tools\Binn\;C:\Program Files (x86)\Microsoft SQL Server\140\Tools\Binn\;C:\Program Files\Microsoft SQL Server\140\Tools\Binn\;C:\Program Files\Microsoft SQL Server\140\DTS\Binn\;C:\Program Files\dotnet\;C:\Program Files\Microsoft SQL Server\130\Tools\Binn\;C:\Program Files\Microsoft SQL Server\Client SDK\ODBC\170\Tools\Binn\;C:\Program Files (x86)\Microsoft SQL Server\150\DTS\Binn\;C:\Program Files\Git\cmd;C:\Program Files\nodejs\;C:\Program Files\TortoiseSVN\bin;C:\Program Files\JetBrains\IntelliJ IDEA 2020.2.3\plugins\maven\lib\maven3\bin;C:\Program Files\PuTTY\;C:\Program Files\MongoDB\Server\4.4\bin;C:\Program Files\Docker\Docker\resources\bin;C:\ProgramData\DockerDesktop\version-bin;D:\SETUP\IDE;C:\Users\hhng\AppData\Local\Programs\Python\Python39\Scripts\;C:\Users\hhng\AppData\Local\Programs\Python\Python39\;C:\Users\hhng\AppData\Local\Microsoft\WindowsApps;C:\Users\hhng\AppData\Local\Programs\Microsoft VS Code\bin;C:\Users\hhng\AppData\Roaming\npm;C:\Users\hhng\AppData\Local\Keybase\;C:\Program Files\Git\mingw64\bin;C:\Program Files\Git\usr\bin;D:\SETUP\cmder

Yarn version: 
  1.22.10

Node version: 
  14.13.0

Platform: 
  win32 x64

Trace: 
  Error: https://registry.yarnpkg.com/nodmeon: Not found
      at Request.params.callback [as _callback] (C:\Users\hhng\AppData\Roaming\npm\node_modules\yarn\lib\cli.js:66988:18)
      at Request.self.callback (C:\Users\hhng\AppData\Roaming\npm\node_modules\yarn\lib\cli.js:140662:22)
      at Request.emit (events.js:314:20)
      at Request.<anonymous> (C:\Users\hhng\AppData\Roaming\npm\node_modules\yarn\lib\cli.js:141634:10)
      at Request.emit (events.js:314:20)
      at IncomingMessage.<anonymous> (C:\Users\hhng\AppData\Roaming\npm\node_modules\yarn\lib\cli.js:141556:12)
      at Object.onceWrapper (events.js:420:28)
      at IncomingMessage.emit (events.js:326:22)
      at endReadableNT (_stream_readable.js:1252:12)
      at processTicksAndRejections (internal/process/task_queues.js:80:21)

npm manifest: 
  {
    "name": "posts",
    "version": "1.0.0",
    "description": "",
    "main": "index.js",
    "scripts": {
      "test": "echo \"Error: no test specified\" && exit 1"
    },
    "keywords": [],
    "author": "",
    "license": "ISC"
  }

yarn manifest: 
  No manifest

Lockfile: 
  No lockfile
